<?xml version="1.0" encoding="UTF-8"?>
<testsuite xmlns:xsi="http://www.w3.org/2001/XMLSchema-instance" xsi:noNamespaceSchemaLocation="https://maven.apache.org/surefire/maven-surefire-plugin/xsd/surefire-test-report.xsd" name="cisco.java.challenge.DITests" time="0.503" tests="1" errors="0" skipped="0" failures="0">
  <properties>
    <property name="sun.desktop" value="windows"/>
    <property name="awt.toolkit" value="sun.awt.windows.WToolkit"/>
    <property name="file.encoding.pkg" value="sun.io"/>
    <property name="java.specification.version" value="1.8"/>
    <property name="sun.cpu.isalist" value="amd64"/>
    <property name="sun.jnu.encoding" value="Cp1252"/>
    <property name="java.class.path" value="E:\Java\Projects\Challenge\target\test-classes;E:\Java\Projects\Challenge\target\classes;E:\Java\Maven.Repository\org\springframework\boot\spring-boot-starter\2.1.0.RELEASE\spring-boot-starter-2.1.0.RELEASE.jar;E:\Java\Maven.Repository\org\springframework\boot\spring-boot\2.1.0.RELEASE\spring-boot-2.1.0.RELEASE.jar;E:\Java\Maven.Repository\org\springframework\spring-context\5.1.2.RELEASE\spring-context-5.1.2.RELEASE.jar;E:\Java\Maven.Repository\org\springframework\spring-aop\5.1.2.RELEASE\spring-aop-5.1.2.RELEASE.jar;E:\Java\Maven.Repository\org\springframework\spring-beans\5.1.2.RELEASE\spring-beans-5.1.2.RELEASE.jar;E:\Java\Maven.Repository\org\springframework\spring-expression\5.1.2.RELEASE\spring-expression-5.1.2.RELEASE.jar;E:\Java\Maven.Repository\org\springframework\boot\spring-boot-autoconfigure\2.1.0.RELEASE\spring-boot-autoconfigure-2.1.0.RELEASE.jar;E:\Java\Maven.Repository\javax\annotation\javax.annotation-api\1.3.2\javax.annotation-api-1.3.2.jar;E:\Java\Maven.Repository\org\springframework\spring-core\5.1.2.RELEASE\spring-core-5.1.2.RELEASE.jar;E:\Java\Maven.Repository\org\springframework\spring-jcl\5.1.2.RELEASE\spring-jcl-5.1.2.RELEASE.jar;E:\Java\Maven.Repository\org\yaml\snakeyaml\1.23\snakeyaml-1.23.jar;E:\Java\Maven.Repository\org\springframework\boot\spring-boot-starter-log4j2\2.1.0.RELEASE\spring-boot-starter-log4j2-2.1.0.RELEASE.jar;E:\Java\Maven.Repository\org\apache\logging\log4j\log4j-slf4j-impl\2.11.1\log4j-slf4j-impl-2.11.1.jar;E:\Java\Maven.Repository\org\slf4j\slf4j-api\1.7.25\slf4j-api-1.7.25.jar;E:\Java\Maven.Repository\org\apache\logging\log4j\log4j-api\2.11.1\log4j-api-2.11.1.jar;E:\Java\Maven.Repository\org\apache\logging\log4j\log4j-core\2.11.1\log4j-core-2.11.1.jar;E:\Java\Maven.Repository\org\apache\logging\log4j\log4j-jul\2.11.1\log4j-jul-2.11.1.jar;E:\Java\Maven.Repository\org\slf4j\jul-to-slf4j\1.7.25\jul-to-slf4j-1.7.25.jar;E:\Java\Maven.Repository\org\projectlombok\lombok\1.18.4\lombok-1.18.4.jar;E:\Java\Maven.Repository\org\springframework\boot\spring-boot-starter-test\2.1.0.RELEASE\spring-boot-starter-test-2.1.0.RELEASE.jar;E:\Java\Maven.Repository\org\springframework\boot\spring-boot-test\2.1.0.RELEASE\spring-boot-test-2.1.0.RELEASE.jar;E:\Java\Maven.Repository\org\springframework\boot\spring-boot-test-autoconfigure\2.1.0.RELEASE\spring-boot-test-autoconfigure-2.1.0.RELEASE.jar;E:\Java\Maven.Repository\com\jayway\jsonpath\json-path\2.4.0\json-path-2.4.0.jar;E:\Java\Maven.Repository\net\minidev\json-smart\2.3\json-smart-2.3.jar;E:\Java\Maven.Repository\net\minidev\accessors-smart\1.2\accessors-smart-1.2.jar;E:\Java\Maven.Repository\org\ow2\asm\asm\5.0.4\asm-5.0.4.jar;E:\Java\Maven.Repository\junit\junit\4.12\junit-4.12.jar;E:\Java\Maven.Repository\org\assertj\assertj-core\3.11.1\assertj-core-3.11.1.jar;E:\Java\Maven.Repository\org\mockito\mockito-core\2.23.0\mockito-core-2.23.0.jar;E:\Java\Maven.Repository\net\bytebuddy\byte-buddy\1.9.3\byte-buddy-1.9.3.jar;E:\Java\Maven.Repository\net\bytebuddy\byte-buddy-agent\1.9.3\byte-buddy-agent-1.9.3.jar;E:\Java\Maven.Repository\org\objenesis\objenesis\2.6\objenesis-2.6.jar;E:\Java\Maven.Repository\org\hamcrest\hamcrest-core\1.3\hamcrest-core-1.3.jar;E:\Java\Maven.Repository\org\hamcrest\hamcrest-library\1.3\hamcrest-library-1.3.jar;E:\Java\Maven.Repository\org\skyscreamer\jsonassert\1.5.0\jsonassert-1.5.0.jar;E:\Java\Maven.Repository\com\vaadin\external\google\android-json\0.0.20131108.vaadin1\android-json-0.0.20131108.vaadin1.jar;E:\Java\Maven.Repository\org\springframework\spring-test\5.1.2.RELEASE\spring-test-5.1.2.RELEASE.jar;E:\Java\Maven.Repository\org\xmlunit\xmlunit-core\2.6.2\xmlunit-core-2.6.2.jar;"/>
    <property name="java.vm.vendor" value="Oracle Corporation"/>
    <property name="sun.arch.data.model" value="64"/>
    <property name="user.variant" value=""/>
    <property name="java.vendor.url" value="http://java.oracle.com/"/>
    <property name="user.timezone" value="Europe/Helsinki"/>
    <property name="java.vm.specification.version" value="1.8"/>
    <property name="os.name" value="Windows 10"/>
    <property name="sun.java.launcher" value="SUN_STANDARD"/>
    <property name="user.country" value="US"/>
    <property name="sun.boot.library.path" value="C:\Program Files\Java\jdk8\jre\bin"/>
    <property name="sun.java.command" value="C:\Users\IHOR~1.DES\AppData\Local\Temp\surefire5950247902050326901\surefirebooter8982953500123886473.jar C:\Users\Ihor.DESKTOP-E2KVIR3\AppData\Local\Temp\surefire5950247902050326901 2018-12-02T09-37-33_737-jvmRun1 surefire8569461540709490434tmp surefire_06008524210711422286tmp"/>
    <property name="surefire.test.class.path" value="E:\Java\Projects\Challenge\target\test-classes;E:\Java\Projects\Challenge\target\classes;E:\Java\Maven.Repository\org\springframework\boot\spring-boot-starter\2.1.0.RELEASE\spring-boot-starter-2.1.0.RELEASE.jar;E:\Java\Maven.Repository\org\springframework\boot\spring-boot\2.1.0.RELEASE\spring-boot-2.1.0.RELEASE.jar;E:\Java\Maven.Repository\org\springframework\spring-context\5.1.2.RELEASE\spring-context-5.1.2.RELEASE.jar;E:\Java\Maven.Repository\org\springframework\spring-aop\5.1.2.RELEASE\spring-aop-5.1.2.RELEASE.jar;E:\Java\Maven.Repository\org\springframework\spring-beans\5.1.2.RELEASE\spring-beans-5.1.2.RELEASE.jar;E:\Java\Maven.Repository\org\springframework\spring-expression\5.1.2.RELEASE\spring-expression-5.1.2.RELEASE.jar;E:\Java\Maven.Repository\org\springframework\boot\spring-boot-autoconfigure\2.1.0.RELEASE\spring-boot-autoconfigure-2.1.0.RELEASE.jar;E:\Java\Maven.Repository\javax\annotation\javax.annotation-api\1.3.2\javax.annotation-api-1.3.2.jar;E:\Java\Maven.Repository\org\springframework\spring-core\5.1.2.RELEASE\spring-core-5.1.2.RELEASE.jar;E:\Java\Maven.Repository\org\springframework\spring-jcl\5.1.2.RELEASE\spring-jcl-5.1.2.RELEASE.jar;E:\Java\Maven.Repository\org\yaml\snakeyaml\1.23\snakeyaml-1.23.jar;E:\Java\Maven.Repository\org\springframework\boot\spring-boot-starter-log4j2\2.1.0.RELEASE\spring-boot-starter-log4j2-2.1.0.RELEASE.jar;E:\Java\Maven.Repository\org\apache\logging\log4j\log4j-slf4j-impl\2.11.1\log4j-slf4j-impl-2.11.1.jar;E:\Java\Maven.Repository\org\slf4j\slf4j-api\1.7.25\slf4j-api-1.7.25.jar;E:\Java\Maven.Repository\org\apache\logging\log4j\log4j-api\2.11.1\log4j-api-2.11.1.jar;E:\Java\Maven.Repository\org\apache\logging\log4j\log4j-core\2.11.1\log4j-core-2.11.1.jar;E:\Java\Maven.Repository\org\apache\logging\log4j\log4j-jul\2.11.1\log4j-jul-2.11.1.jar;E:\Java\Maven.Repository\org\slf4j\jul-to-slf4j\1.7.25\jul-to-slf4j-1.7.25.jar;E:\Java\Maven.Repository\org\projectlombok\lombok\1.18.4\lombok-1.18.4.jar;E:\Java\Maven.Repository\org\springframework\boot\spring-boot-starter-test\2.1.0.RELEASE\spring-boot-starter-test-2.1.0.RELEASE.jar;E:\Java\Maven.Repository\org\springframework\boot\spring-boot-test\2.1.0.RELEASE\spring-boot-test-2.1.0.RELEASE.jar;E:\Java\Maven.Repository\org\springframework\boot\spring-boot-test-autoconfigure\2.1.0.RELEASE\spring-boot-test-autoconfigure-2.1.0.RELEASE.jar;E:\Java\Maven.Repository\com\jayway\jsonpath\json-path\2.4.0\json-path-2.4.0.jar;E:\Java\Maven.Repository\net\minidev\json-smart\2.3\json-smart-2.3.jar;E:\Java\Maven.Repository\net\minidev\accessors-smart\1.2\accessors-smart-1.2.jar;E:\Java\Maven.Repository\org\ow2\asm\asm\5.0.4\asm-5.0.4.jar;E:\Java\Maven.Repository\junit\junit\4.12\junit-4.12.jar;E:\Java\Maven.Repository\org\assertj\assertj-core\3.11.1\assertj-core-3.11.1.jar;E:\Java\Maven.Repository\org\mockito\mockito-core\2.23.0\mockito-core-2.23.0.jar;E:\Java\Maven.Repository\net\bytebuddy\byte-buddy\1.9.3\byte-buddy-1.9.3.jar;E:\Java\Maven.Repository\net\bytebuddy\byte-buddy-agent\1.9.3\byte-buddy-agent-1.9.3.jar;E:\Java\Maven.Repository\org\objenesis\objenesis\2.6\objenesis-2.6.jar;E:\Java\Maven.Repository\org\hamcrest\hamcrest-core\1.3\hamcrest-core-1.3.jar;E:\Java\Maven.Repository\org\hamcrest\hamcrest-library\1.3\hamcrest-library-1.3.jar;E:\Java\Maven.Repository\org\skyscreamer\jsonassert\1.5.0\jsonassert-1.5.0.jar;E:\Java\Maven.Repository\com\vaadin\external\google\android-json\0.0.20131108.vaadin1\android-json-0.0.20131108.vaadin1.jar;E:\Java\Maven.Repository\org\springframework\spring-test\5.1.2.RELEASE\spring-test-5.1.2.RELEASE.jar;E:\Java\Maven.Repository\org\xmlunit\xmlunit-core\2.6.2\xmlunit-core-2.6.2.jar;"/>
    <property name="sun.cpu.endian" value="little"/>
    <property name="user.home" value="C:\Users\Ihor.DESKTOP-E2KVIR3"/>
    <property name="user.language" value="en"/>
    <property name="java.specification.vendor" value="Oracle Corporation"/>
    <property name="java.home" value="C:\Program Files\Java\jdk8\jre"/>
    <property name="basedir" value="E:\Java\Projects\Challenge"/>
    <property name="file.separator" value="\"/>
    <property name="line.separator" value="&#10;"/>
    <property name="java.vm.specification.vendor" value="Oracle Corporation"/>
    <property name="java.specification.name" value="Java Platform API Specification"/>
    <property name="java.awt.graphicsenv" value="sun.awt.Win32GraphicsEnvironment"/>
    <property name="surefire.real.class.path" value="C:\Users\IHOR~1.DES\AppData\Local\Temp\surefire5950247902050326901\surefirebooter8982953500123886473.jar"/>
    <property name="sun.boot.class.path" value="C:\Program Files\Java\jdk8\jre\lib\resources.jar;C:\Program Files\Java\jdk8\jre\lib\rt.jar;C:\Program Files\Java\jdk8\jre\lib\sunrsasign.jar;C:\Program Files\Java\jdk8\jre\lib\jsse.jar;C:\Program Files\Java\jdk8\jre\lib\jce.jar;C:\Program Files\Java\jdk8\jre\lib\charsets.jar;C:\Program Files\Java\jdk8\jre\lib\jfr.jar;C:\Program Files\Java\jdk8\jre\classes"/>
    <property name="user.script" value=""/>
    <property name="sun.management.compiler" value="HotSpot 64-Bit Tiered Compilers"/>
    <property name="java.runtime.version" value="1.8.0_191-b12"/>
    <property name="user.name" value="Ihor"/>
    <property name="path.separator" value=";"/>
    <property name="os.version" value="10.0"/>
    <property name="java.endorsed.dirs" value="C:\Program Files\Java\jdk8\jre\lib\endorsed"/>
    <property name="java.runtime.name" value="Java(TM) SE Runtime Environment"/>
    <property name="file.encoding" value="UTF-8"/>
    <property name="java.vm.name" value="Java HotSpot(TM) 64-Bit Server VM"/>
    <property name="maven.ext.class.path" value="C:\Program Files\NetBeans Dev\java\maven-nblib\netbeans-eventspy.jar"/>
    <property name="localRepository" value="E:\Java\Maven.Repository"/>
    <property name="java.vendor.url.bug" value="http://bugreport.sun.com/bugreport/"/>
    <property name="java.io.tmpdir" value="C:\Users\IHOR~1.DES\AppData\Local\Temp\"/>
    <property name="java.version" value="1.8.0_191"/>
    <property name="user.dir" value="E:\Java\Projects\Challenge"/>
    <property name="os.arch" value="amd64"/>
    <property name="java.vm.specification.name" value="Java Virtual Machine Specification"/>
    <property name="java.awt.printerjob" value="sun.awt.windows.WPrinterJob"/>
    <property name="sun.os.patch.level" value=""/>
    <property name="java.library.path" value="C:\Program Files\Java\jdk8\jre\bin;C:\Windows\Sun\Java\bin;C:\Windows\system32;C:\Windows;C:\Program Files (x86)\Common Files\Oracle\Java\javapath;C:\Windows\system32;C:\Windows;C:\Windows\System32\Wbem;C:\Windows\System32\WindowsPowerShell\v1.0\;C:\Windows\System32\OpenSSH\;C:\Program Files\Calibre2\;C:\Users\Ihor.DESKTOP-E2KVIR3\AppData\Local\Microsoft\WindowsApps;;C:\Program Files\JetBrains\IntelliJ IDEA 2018.3\bin;;."/>
    <property name="java.vm.info" value="mixed mode"/>
    <property name="java.vendor" value="Oracle Corporation"/>
    <property name="java.vm.version" value="25.191-b12"/>
    <property name="java.ext.dirs" value="C:\Program Files\Java\jdk8\jre\lib\ext;C:\Windows\Sun\Java\lib\ext"/>
    <property name="sun.io.unicode.encoding" value="UnicodeLittle"/>
    <property name="java.class.version" value="52.0"/>
  </properties>
  <testcase name="notNullBeansTest" classname="cisco.java.challenge.DITests" time="0"/>
</testsuite>